[34;1m:: Carregant configuració config.yaml...[0m
[34;1m:: Generant càrrega...[0m
[34;1m::   Carregant dades...[0m
[33mWarning: Ignorant una indisponibilitat de ningu, que no entra al repartiment[0m
[33mWarning: Ignorant una indisponibilitat de ningu, que no entra al repartiment[0m
[33mWarning: Ignorant una indisponibilitat de ningu, que no entra al repartiment[0m
[33mWarning: Ignorant una indisponibilitat de ningu, que no entra al repartiment[0m
[33mWarning: Ignorant una indisponibilitat de ningu, que no entra al repartiment[0m
[33mWarning: Ignorant una indisponibilitat de ningu, que no entra al repartiment[0m
[33mWarning: Ignorant una indisponibilitat de ningu, que no entra al repartiment[0m
[33mWarning: Ignorant una indisponibilitat de ningu, que no entra al repartiment[0m
[33mWarning: Ignorant una indisponibilitat de ningu, que no entra al repartiment[0m
[33mWarning: Ignorant una indisponibilitat de ningu, que no entra al repartiment[0m
[33mWarning: Ignorant una indisponibilitat de pere, que no entra al repartiment[0m
[33mWarning: Ignorant una indisponibilitat de pere, que no entra al repartiment[0m
[33mWarning: Ignorant una indisponibilitat de pere, que no entra al repartiment[0m
[33mWarning: Ignorant una indisponibilitat de pere, que no entra al repartiment[0m
[33mWarning: Ignorant una indisponibilitat de fran, que no entra al repartiment[0m
[33mWarning: Ignorant una indisponibilitat de fran, que no entra al repartiment[0m
[33mWarning: Ignorant una indisponibilitat de fran, que no entra al repartiment[0m
[33mWarning: Ignorant una indisponibilitat de fran, que no entra al repartiment[0m
[33mWarning: Ignorant una indisponibilitat de fran, que no entra al repartiment[0m
[34;1m::   Ponderant la ideal...[0m
[32;1m>>     Surten 114 torns[0m
[34;1m::   Limitant a la capacitat real...[0m
La sobrecarrega d'aquesta setmana seria:
carol: -0.2
marta: 0.4
adria: 1.0
albert: 1.0
albertg: 1.0
ana: 1.0
annab: 1.0
carles: 1.0
[34;1m:: Desant sobrecàrrega com a overload-2020-03-02.yaml[0m
[34;1m:: Desant càrrega final com a carrega-2020-03-02.yaml[0m
[34;1m:: Desant càrrega distribuida en linies com a carrega-2020-03-02.csv[0m
[32;1m>> S'ha aconseguit amb èxit una càrrega de 120 torns[0m
