:: Carregant configuració config.yaml...
:: Generant càrrega...
::   Carregant dades...
::     Llegint festius...
::     Llegint carrega ideal...
::     Llegint vacances...
::     Llegint baixes...
::     Llegint altres indisponibilitats...
::     Llegint credits i deutes (bossa d'hores)...
::   Ponderant la ideal...
>>     Surten 26 torns
::   Limitant a la capacitat real...
::   Completant la carrega de 26 a 32...
>>     Carrega assolida 26
::   Compensant deute amb credit...
Warning: 26 torns no arriben als 32 requerits. S'assignent 6 torns, a ningu
La sobrecarrega d'aquesta setmana seria:
carol: -0.4
diana: -0.4
jolie: -0.4
barbara: -0.2
noel: -0.2
felicity: 0.2
liza: 0.2
alice: 0.4
gemma: 0.4
kate: 0.4
mary: 0.4
olivia: 0.4
petra: 0.4
:: Desant sobrecàrrega com a overload.yaml
:: Desant càrrega final com a carrega-2022-07-11.yaml
:: Desant càrrega distribuida en linies com a carrega-2022-07-11.csv
:: Desant càrrega distribuida en linies com a carrega.csv
Warning: No s'ha aconseguit una carrega de 32. S'han hagut d'omplir 6 forats amb ningú
:: Muntant el solucionador...
Warning: No s'inclouran els dies festius: dv, dl, dx.
Warning: Configuration 'minIdleInGroup' uses group 'it' not defined in 'groups'
Warning: Configuration 'maxPhoningInGroup' uses group 'infern' not defined in 'groups'
Warning: Configuration 'maxPhoningInGroup' uses group 'casademont' not defined in 'groups'
:: Generant horari...
Nom	Ideal	Proporcional	Augmentada	CapacitatReal	Topall	AplicatTopall	CobrintTorns	CompensantDeutes	Final	Sobrecarrega	CreditCarregat	CreditInicial	CreditFinal
alice	4	1.6	1.6	4	2	2	2	2	2	0.4	0	0	0
barbara	3	1.2	1.2	4	1	1	1	1	1	-0.2	0	0	0
carol	1	0.4	0.4	4	0	0	0	0	0	-0.4	0	0	0
diana	6	2.4	2.4	4	2	2	2	2	2	-0.4	0	0	0
elith	0	0.0	0.0	4	0	0	0	0	0	0.0	0	0	0
felicity	2	0.8	0.8	4	1	1	1	1	1	0.2	0	0	0
gemma	4	1.6	1.6	4	2	2	2	2	2	0.4	0	0	0
hellen	5	2.0	2.0	4	2	2	2	2	2	0.0	0	0	0
irma	5	2.0	2.0	4	2	2	2	2	2	0.0	0	0	0
jolie	6	2.4	2.4	4	2	2	2	2	2	-0.4	0	0	0
kate	4	1.6	1.6	4	2	2	2	2	2	0.4	0	0	0
liza	7	2.8	2.8	4	3	3	3	3	3	0.2	0	0	0
mary	4	1.6	1.6	4	2	2	2	2	2	0.4	0	0	0
noel	3	1.2	1.2	4	1	1	1	1	1	-0.2	0	0	0
olivia	4	1.6	1.6	4	2	2	2	2	2	0.4	0	0	0
petra	4	1.6	1.6	4	2	2	2	2	2	0.4	0	0	0
ningu	-	-	-	-	-	-	-	-	6	-	-	-	-
Solució incomplerta 0/32 caselles, cost 0
Solució incomplerta 1/32 caselles, cost 0
Solució incomplerta 2/32 caselles, cost 0
Solució incomplerta 3/32 caselles, cost 0
Solució incomplerta 4/32 caselles, cost 0
Solució incomplerta 5/32 caselles, cost 0
Solució incomplerta 6/32 caselles, cost 1
Solució incomplerta 7/32 caselles, cost 2
Solució incomplerta 8/32 caselles, cost 3
Solució incomplerta 9/32 caselles, cost 3
Solució incomplerta 10/32 caselles, cost 3
Solució incomplerta 11/32 caselles, cost 3
Solució incomplerta 12/32 caselles, cost 3
Solució incomplerta 13/32 caselles, cost 4
Solució incomplerta 14/32 caselles, cost 5
Solució incomplerta 15/32 caselles, cost 6
Solució incomplerta 16/32 caselles, cost 7
Warning: A liza nomes li queden 2 forats per posar 3 hores
Solució incomplerta 16/32 caselles, cost 6
Solució incomplerta 16/32 caselles, cost 6
Solució incomplerta 16/32 caselles, cost 6
Solució incomplerta 16/32 caselles, cost 5
Solució incomplerta 16/32 caselles, cost 5
Solució incomplerta 16/32 caselles, cost 5
Solució incomplerta 16/32 caselles, cost 5
Solució incomplerta 16/32 caselles, cost 5
Solució incomplerta 16/32 caselles, cost 5
Solució incomplerta 16/32 caselles, cost 4
Solució incomplerta 16/32 caselles, cost 4
Solució incomplerta 16/32 caselles, cost 4
Solució incomplerta 16/32 caselles, cost 4
Solució incomplerta 16/32 caselles, cost 4
Solució incomplerta 16/32 caselles, cost 4
Solució incomplerta 16/32 caselles, cost 4
Solució incomplerta 17/32 caselles, cost 6
Solució incomplerta 18/32 caselles, cost 6
Solució incomplerta 19/32 caselles, cost 6
Solució incomplerta 20/32 caselles, cost 7
Solució incomplerta 21/32 caselles, cost 7
Solució incomplerta 22/32 caselles, cost 8
Solució incomplerta 23/32 caselles, cost 10
Solució incomplerta 24/32 caselles, cost 13
Warning: liza es queda sense esmorzar el dm
Solució incomplerta 25/32 caselles, cost 17
Solució incomplerta 26/32 caselles, cost 22
Solució incomplerta 27/32 caselles, cost 22
Solució incomplerta 28/32 caselles, cost 22
Warning: liza te hores separades el dm
Solució incomplerta 28/32 caselles, cost 17
Solució incomplerta 28/32 caselles, cost 17
Solució incomplerta 29/32 caselles, cost 23
Solució incomplerta 30/32 caselles, cost 23
Solució incomplerta 31/32 caselles, cost 24
Warning: petra te hores separades el dm
Solució incomplerta 31/32 caselles, cost 24
Solució trobada amb cost 105.
Solució trobada amb cost 105.
Solució trobada amb cost 25.
Solució trobada amb cost 25.
Solució trobada amb cost 25.
Solució trobada amb cost 25.
Solució trobada amb cost 25.
Solució trobada amb cost 25.
Solució trobada amb cost 25.
Solució trobada amb cost 25.
Solució trobada amb cost 25.
Solució trobada amb cost 25.
Solució trobada amb cost 25.
Solució trobada amb cost 25.
Solució trobada amb cost 25.
Solució trobada amb cost 25.
Solució trobada amb cost 25.
Solució trobada amb cost 25.
Solució trobada amb cost 19.
Warning: Afegir ningu suma masa cost: 59
Solució trobada amb cost 19.
Solució trobada amb cost 19.
Solució trobada amb cost 19.
Solució trobada amb cost 19.
Solució trobada amb cost 19.
Solució trobada amb cost 19.
Solució trobada amb cost 19.
Solució trobada amb cost 19.
Solució trobada amb cost 19.
Solució trobada amb cost 19.
Solució trobada amb cost 19.
Solució trobada amb cost 19.
Solució trobada amb cost 19.
Warning: Afegir ningu suma masa cost: 23
Warning: Hi ha masses ningús en aquest dia dm i hora 3
Solució trobada amb cost 19.
Solució trobada amb cost 19.
Solució trobada amb cost 19.
Solució trobada amb cost 19.
Solució trobada amb cost 19.
Solució trobada amb cost 19.
Solució trobada amb cost 19.
Solució trobada amb cost 19.
Solució trobada amb cost 19.
Solució trobada amb cost 19.
Solució trobada amb cost 19.
Solució trobada amb cost 19.
Solució trobada amb cost 19.
Solució trobada amb cost 19.
Solució trobada amb cost 19.
Solució trobada amb cost 19.
Solució trobada amb cost 19.
Solució trobada amb cost 19.
Solució trobada amb cost 19.
Solució trobada amb cost 19.
Solució trobada amb cost 19.
Solució trobada amb cost 19.
Solució trobada amb cost 19.
Solució trobada amb cost 19.
Solució trobada amb cost 19.
Solució trobada amb cost 19.
Solució trobada amb cost 19.
Solució trobada amb cost 17.
Solució trobada amb cost 17.
Solució trobada amb cost 17.
Solució trobada amb cost 17.
Solució trobada amb cost 17.
Solució trobada amb cost 17.
Solució trobada amb cost 17.
Solució trobada amb cost 17.
Solució trobada amb cost 17.
Solució trobada amb cost 17.
Solució trobada amb cost 17.
Solució trobada amb cost 17.
Solució trobada amb cost 17.
Solució trobada amb cost 17.
Solució trobada amb cost 17.
Solució trobada amb cost 17.
Solució trobada amb cost 17.
Solució trobada amb cost 17.
Solució trobada amb cost 17.
Solució trobada amb cost 17.
Warning: Afegir ningu suma masa cost: 57
Solució trobada amb cost 17.
Solució trobada amb cost 17.
Solució trobada amb cost 17.
Solució trobada amb cost 17.
Solució trobada amb cost 17.
Solució trobada amb cost 17.
Solució trobada amb cost 17.
Solució trobada amb cost 17.
Solució trobada amb cost 17.
Solució trobada amb cost 17.
Solució trobada amb cost 17.
Solució trobada amb cost 17.
Solució trobada amb cost 17.
Solució trobada amb cost 17.
Solució trobada amb cost 17.
Solució trobada amb cost 17.
Solució trobada amb cost 17.
Solució trobada amb cost 17.
Solució trobada amb cost 17.
Solució trobada amb cost 17.
Solució trobada amb cost 17.
Solució trobada amb cost 17.
Solució trobada amb cost 17.
Solució trobada amb cost 17.
Solució trobada amb cost 17.
Solució trobada amb cost 17.
Solució trobada amb cost 17.
Solució trobada amb cost 17.
Solució trobada amb cost 17.
Solució trobada amb cost 17.
Solució trobada amb cost 17.
Solució trobada amb cost 17.
Solució trobada amb cost 17.
Solució trobada amb cost 17.
Solució trobada amb cost 17.
Solució trobada amb cost 17.
Solució trobada amb cost 17.
Solució trobada amb cost 17.
Solució trobada amb cost 17.
Solució trobada amb cost 17.
Solució trobada amb cost 17.
Solució trobada amb cost 17.
Solució trobada amb cost 17.
Solució trobada amb cost 17.
Solució trobada amb cost 17.
Solució trobada amb cost 17.
Solució trobada amb cost 17.
Solució trobada amb cost 17.
Solució trobada amb cost 17.
Solució trobada amb cost 17.
Solució trobada amb cost 17.
Solució trobada amb cost 17.
Solució trobada amb cost 17.
Solució trobada amb cost 17.
Solució trobada amb cost 17.
Solució trobada amb cost 17.
Solució trobada amb cost 17.
Solució trobada amb cost 17.
Solució trobada amb cost 17.
Solució trobada amb cost 17.
Solució trobada amb cost 17.
Solució trobada amb cost 17.
Solució trobada amb cost 17.
Solució trobada amb cost 17.
Solució trobada amb cost 17.
Solució trobada amb cost 17.
Solució trobada amb cost 17.
Solució trobada amb cost 17.
Solució trobada amb cost 17.
Solució trobada amb cost 17.
Solució trobada amb cost 17.
Solució trobada amb cost 17.
Solució trobada amb cost 17.
Solució trobada amb cost 17.
Solució trobada amb cost 17.
Solució trobada amb cost 17.
Solució trobada amb cost 17.
Solució trobada amb cost 17.
Solució trobada amb cost 17.
Solució trobada amb cost 17.
Solució trobada amb cost 17.
Solució trobada amb cost 17.
Solució trobada amb cost 17.
Solució trobada amb cost 17.
Solució trobada amb cost 17.
Solució trobada amb cost 17.
Solució trobada amb cost 17.
Solució trobada amb cost 17.
Solució trobada amb cost 17.
Solució trobada amb cost 17.
Solució trobada amb cost 17.
Solució trobada amb cost 17.
Solució trobada amb cost 17.
Solució trobada amb cost 17.
Solució trobada amb cost 17.
Solució trobada amb cost 17.
Warning: Afegir ningu suma masa cost: 21
Solució trobada amb cost 17.
Solució trobada amb cost 17.
Solució trobada amb cost 17.
Solució trobada amb cost 17.
Solució trobada amb cost 17.
Solució trobada amb cost 17.
Solució trobada amb cost 17.
Solució trobada amb cost 17.
Solució trobada amb cost 17.
Solució trobada amb cost 17.
Solució trobada amb cost 17.
Solució trobada amb cost 17.
Solució trobada amb cost 17.
Solució trobada amb cost 17.
Solució trobada amb cost 17.
Solució trobada amb cost 17.
Solució trobada amb cost 17.
Solució trobada amb cost 17.
Solució trobada amb cost 17.
Solució trobada amb cost 17.
Solució trobada amb cost 17.
Solució trobada amb cost 17.
Solució trobada amb cost 17.
Solució trobada amb cost 17.
Solució trobada amb cost 17.
Solució trobada amb cost 17.
Solució trobada amb cost 17.
Solució trobada amb cost 17.
Solució trobada amb cost 17.
Solució trobada amb cost 17.
Solució trobada amb cost 17.
Solució trobada amb cost 17.
Solució trobada amb cost 17.
Solució trobada amb cost 17.
Solució trobada amb cost 17.
Solució trobada amb cost 17.
Solució trobada amb cost 17.
Solució trobada amb cost 17.
Solució trobada amb cost 17.
Solució trobada amb cost 17.
Solució trobada amb cost 17.
Solució trobada amb cost 17.
Solució trobada amb cost 17.
Solució trobada amb cost 17.
Solució trobada amb cost 17.
Solució trobada amb cost 17.
Solució trobada amb cost 17.
Solució trobada amb cost 17.
Solució trobada amb cost 17.
Solució trobada amb cost 17.
Solució trobada amb cost 17.
Solució trobada amb cost 17.
Solució trobada amb cost 17.
Solució trobada amb cost 17.
Solució trobada amb cost 17.
Solució trobada amb cost 17.
Solució trobada amb cost 17.
Solució trobada amb cost 17.
Solució trobada amb cost 17.
Solució trobada amb cost 17.
Solució trobada amb cost 17.
Solució trobada amb cost 17.
Solució trobada amb cost 17.
Solució trobada amb cost 17.
Solució trobada amb cost 17.
Solució trobada amb cost 17.
Solució trobada amb cost 17.
Solució trobada amb cost 17.
Solució trobada amb cost 17.
Solució trobada amb cost 17.
Solució trobada amb cost 17.
Solució trobada amb cost 17.
Solució trobada amb cost 17.
Solució trobada amb cost 17.
Solució trobada amb cost 17.
Solució trobada amb cost 17.
Solució trobada amb cost 17.
Solució trobada amb cost 17.
Solució trobada amb cost 17.
Solució trobada amb cost 17.
Solució trobada amb cost 17.
Solució trobada amb cost 17.
Solució trobada amb cost 17.
Solució trobada amb cost 17.
Solució trobada amb cost 17.
Solució trobada amb cost 17.
Solució trobada amb cost 17.
Solució trobada amb cost 17.
Solució trobada amb cost 17.
Solució trobada amb cost 17.
Solució trobada amb cost 17.
Solució trobada amb cost 17.
Solució trobada amb cost 17.
Solució trobada amb cost 17.
Solució trobada amb cost 17.
Solució trobada amb cost 17.
Solució trobada amb cost 17.
Solució trobada amb cost 17.
Solució trobada amb cost 17.
Solució trobada amb cost 17.
Solució trobada amb cost 17.
Solució trobada amb cost 17.
Solució trobada amb cost 17.
Solució trobada amb cost 17.
Solució trobada amb cost 17.
Solució trobada amb cost 17.
Solució trobada amb cost 17.
Solució trobada amb cost 17.
Solució trobada amb cost 17.
Solució trobada amb cost 17.
Solució trobada amb cost 17.
Solució trobada amb cost 17.
Solució trobada amb cost 17.
Solució trobada amb cost 17.
Solució trobada amb cost 17.
Solució trobada amb cost 17.
Solució trobada amb cost 17.
Solució trobada amb cost 17.
Solució trobada amb cost 17.
Solució trobada amb cost 17.
Solució trobada amb cost 17.
Solució trobada amb cost 17.
Solució trobada amb cost 17.
Solució trobada amb cost 17.
Solució trobada amb cost 17.
Solució trobada amb cost 17.
Solució trobada amb cost 17.
Solució trobada amb cost 17.
Solució trobada amb cost 17.
Solució trobada amb cost 17.
Solució trobada amb cost 17.
Solució trobada amb cost 17.
Solució trobada amb cost 17.
Solució trobada amb cost 17.
Solució trobada amb cost 17.
Solució trobada amb cost 17.
Solució trobada amb cost 17.
Solució trobada amb cost 17.
Solució trobada amb cost 17.
Solució trobada amb cost 17.
Solució trobada amb cost 17.
Solució trobada amb cost 17.
Solució trobada amb cost 17.
Solució trobada amb cost 17.
Solució trobada amb cost 17.
Solució trobada amb cost 17.
Solució trobada amb cost 17.
Solució trobada amb cost 17.
Solució trobada amb cost 17.
Solució trobada amb cost 17.
Solució trobada amb cost 17.
Solució trobada amb cost 17.
Solució trobada amb cost 17.
Solució trobada amb cost 17.
Solució trobada amb cost 17.
Solució trobada amb cost 17.
Solució trobada amb cost 17.
Solució trobada amb cost 17.
Solució trobada amb cost 17.
Solució trobada amb cost 17.
Solució trobada amb cost 17.
Solució trobada amb cost 17.
Solució trobada amb cost 17.
Solució trobada amb cost 17.
Solució trobada amb cost 17.
Solució trobada amb cost 17.
Solució trobada amb cost 17.
Solució trobada amb cost 17.
Solució trobada amb cost 17.
Solució trobada amb cost 17.
Solució trobada amb cost 17.
Solució trobada amb cost 17.
Solució trobada amb cost 17.
Solució trobada amb cost 17.
Solució trobada amb cost 17.
Solució trobada amb cost 17.
Solució trobada amb cost 17.
Solució trobada amb cost 17.
Solució trobada amb cost 17.
Solució trobada amb cost 17.
Solució trobada amb cost 17.
Solució trobada amb cost 17.
Solució trobada amb cost 17.
Solució trobada amb cost 17.
Solució trobada amb cost 17.
Solució trobada amb cost 17.
Solució trobada amb cost 17.
Solució trobada amb cost 17.
Solució trobada amb cost 17.
Solució trobada amb cost 17.
Solució trobada amb cost 17.
Solució trobada amb cost 17.
Solució trobada amb cost 17.
Solució trobada amb cost 17.
Solució trobada amb cost 17.
Solució trobada amb cost 17.
Solució trobada amb cost 17.
Solució trobada amb cost 17.
Solució trobada amb cost 17.
Solució trobada amb cost 17.
Solució trobada amb cost 17.
Solució trobada amb cost 17.
Solució trobada amb cost 17.
Solució trobada amb cost 17.
Solució trobada amb cost 17.
Solució trobada amb cost 17.
Solució trobada amb cost 17.
Solució trobada amb cost 17.
Solució trobada amb cost 17.
Solució trobada amb cost 17.
Solució trobada amb cost 17.
Solució trobada amb cost 17.
Solució trobada amb cost 17.
Solució trobada amb cost 17.
Solució trobada amb cost 17.
Solució trobada amb cost 17.
Solució trobada amb cost 17.
Solució trobada amb cost 17.
Solució trobada amb cost 17.
Solució trobada amb cost 17.
Solució trobada amb cost 17.
Solució trobada amb cost 17.
Solució trobada amb cost 17.
Solució trobada amb cost 17.
Solució trobada amb cost 17.
Solució trobada amb cost 17.
Solució trobada amb cost 17.
Solució trobada amb cost 17.
Solució trobada amb cost 17.
Solució trobada amb cost 17.
Solució trobada amb cost 17.
Solució trobada amb cost 17.
Solució trobada amb cost 17.
Solució trobada amb cost 17.
Solució trobada amb cost 17.
Solució trobada amb cost 17.
Solució trobada amb cost 17.
Solució trobada amb cost 17.
Solució trobada amb cost 17.
Solució trobada amb cost 17.
Solució trobada amb cost 17.
Solució trobada amb cost 17.
Solució trobada amb cost 17.
Solució trobada amb cost 17.
Solució trobada amb cost 17.
Solució trobada amb cost 17.
Solució trobada amb cost 17.
Solució trobada amb cost 17.
Solució trobada amb cost 17.
Solució trobada amb cost 17.
Solució trobada amb cost 17.
Solució trobada amb cost 17.
Solució trobada amb cost 17.
Solució trobada amb cost 17.
Solució trobada amb cost 17.
Solució trobada amb cost 17.
Solució trobada amb cost 17.
Solució trobada amb cost 17.
Solució trobada amb cost 17.
Solució trobada amb cost 17.
Solució trobada amb cost 15.
Solució trobada amb cost 15.
Solució trobada amb cost 15.
Solució trobada amb cost 15.
Solució trobada amb cost 15.
Solució trobada amb cost 15.
Solució trobada amb cost 15.
Solució trobada amb cost 15.
Solució trobada amb cost 15.
Solució trobada amb cost 15.
Solució trobada amb cost 15.
Solució trobada amb cost 15.
Solució trobada amb cost 15.
Solució trobada amb cost 15.
Solució trobada amb cost 15.
Solució trobada amb cost 15.
Solució trobada amb cost 15.
Solució trobada amb cost 15.
Solució trobada amb cost 15.
Solució trobada amb cost 15.
Solució trobada amb cost 15.
Solució trobada amb cost 15.
Solució trobada amb cost 15.
Solució trobada amb cost 15.
Solució trobada amb cost 15.
Solució trobada amb cost 15.
Solució trobada amb cost 15.
Solució trobada amb cost 15.
Solució trobada amb cost 15.
Solució trobada amb cost 15.
Solució trobada amb cost 15.
Solució trobada amb cost 15.
Solució trobada amb cost 15.
Solució trobada amb cost 15.
Solució trobada amb cost 15.
Solució trobada amb cost 15.
Solució trobada amb cost 15.
Solució trobada amb cost 15.
Solució trobada amb cost 15.
Solució trobada amb cost 15.
Solució trobada amb cost 15.
Solució trobada amb cost 15.
Solució trobada amb cost 15.
Solució trobada amb cost 15.
Solució trobada amb cost 15.
Solució trobada amb cost 15.
Solució trobada amb cost 15.
Solució trobada amb cost 15.
Solució trobada amb cost 15.
Solució trobada amb cost 15.
Solució trobada amb cost 15.
Solució trobada amb cost 15.
Solució trobada amb cost 15.
Solució trobada amb cost 15.
Solució trobada amb cost 15.
Solució trobada amb cost 15.
Solució trobada amb cost 15.
Solució trobada amb cost 15.
Solució trobada amb cost 15.
Solució trobada amb cost 15.
Solució trobada amb cost 15.
Solució trobada amb cost 15.
Solució trobada amb cost 15.
Solució trobada amb cost 15.
Solució trobada amb cost 15.
Solució trobada amb cost 15.
Solució trobada amb cost 15.
Solució trobada amb cost 15.
Solució trobada amb cost 15.
Solució trobada amb cost 15.
Solució trobada amb cost 15.
Solució trobada amb cost 15.
Solució trobada amb cost 15.
Solució trobada amb cost 15.
Solució trobada amb cost 15.
Solució trobada amb cost 15.
Solució trobada amb cost 15.
Solució trobada amb cost 15.
Solució trobada amb cost 15.
Solució trobada amb cost 15.
Solució trobada amb cost 15.
Solució trobada amb cost 15.
Solució trobada amb cost 15.
Solució trobada amb cost 15.
Solució trobada amb cost 15.
Solució trobada amb cost 15.
Solució trobada amb cost 15.
Solució trobada amb cost 15.
Solució trobada amb cost 15.
Solució trobada amb cost 15.
Solució trobada amb cost 15.
Solució trobada amb cost 15.
Solució trobada amb cost 15.
Solució trobada amb cost 15.
Solució trobada amb cost 15.
Solució trobada amb cost 15.
Warning: Afegir ningu suma masa cost: 55
Solució trobada amb cost 15.
Solució trobada amb cost 15.
Solució trobada amb cost 15.
Solució trobada amb cost 15.
Solució trobada amb cost 15.
Solució trobada amb cost 15.
Solució trobada amb cost 15.
Solució trobada amb cost 15.
Solució trobada amb cost 15.
Solució trobada amb cost 15.
Solució trobada amb cost 15.
Solució trobada amb cost 15.
Solució trobada amb cost 15.
Solució trobada amb cost 15.
Solució trobada amb cost 15.
Solució trobada amb cost 15.
Solució trobada amb cost 15.
Solució trobada amb cost 15.
Solució trobada amb cost 15.
Solució trobada amb cost 15.
Solució trobada amb cost 15.
Solució trobada amb cost 15.
Solució trobada amb cost 15.
Solució trobada amb cost 15.
Solució trobada amb cost 15.
Solució trobada amb cost 15.
Solució trobada amb cost 15.
Solució trobada amb cost 15.
Solució trobada amb cost 15.
Solució trobada amb cost 15.
Solució trobada amb cost 15.
Solució trobada amb cost 15.
Solució trobada amb cost 15.
Solució trobada amb cost 15.
Solució trobada amb cost 15.
Solució trobada amb cost 15.
Solució trobada amb cost 15.
Solució trobada amb cost 15.
Solució trobada amb cost 15.
Solució trobada amb cost 15.
Solució trobada amb cost 15.
Solució trobada amb cost 15.
Solució trobada amb cost 15.
Solució trobada amb cost 15.
Solució trobada amb cost 15.
Solució trobada amb cost 15.
Solució trobada amb cost 15.
Solució trobada amb cost 15.
Solució trobada amb cost 15.
Solució trobada amb cost 15.
Solució trobada amb cost 15.
Solució trobada amb cost 15.
Solució trobada amb cost 15.
Solució trobada amb cost 15.
Solució trobada amb cost 15.
Solució trobada amb cost 15.
Solució trobada amb cost 15.
Solució trobada amb cost 15.
Solució trobada amb cost 15.
Solució trobada amb cost 15.
Solució trobada amb cost 15.
Solució trobada amb cost 15.
Solució trobada amb cost 15.
Solució trobada amb cost 15.
Solució trobada amb cost 15.
Solució trobada amb cost 15.
Solució trobada amb cost 15.
Solució trobada amb cost 15.
Solució trobada amb cost 15.
Solució trobada amb cost 15.
Solució trobada amb cost 15.
Solució trobada amb cost 15.
Solució trobada amb cost 15.
Solució trobada amb cost 15.
Solució trobada amb cost 15.
Solució trobada amb cost 15.
Solució trobada amb cost 15.
Solució trobada amb cost 15.
Solució trobada amb cost 15.
Solució trobada amb cost 15.
Solució trobada amb cost 15.
Solució trobada amb cost 15.
Solució trobada amb cost 15.
Solució trobada amb cost 15.
Solució trobada amb cost 15.
Solució trobada amb cost 15.
Solució trobada amb cost 15.
Solució trobada amb cost 15.
Solució trobada amb cost 15.
Solució trobada amb cost 15.
Solució trobada amb cost 15.
Solució trobada amb cost 15.
Solució trobada amb cost 15.
Solució trobada amb cost 15.
Solució trobada amb cost 15.
Solució trobada amb cost 15.
Solució trobada amb cost 15.
Solució trobada amb cost 15.
Solució trobada amb cost 15.
Solució trobada amb cost 15.
Solució trobada amb cost 15.
Solució trobada amb cost 15.
Solució trobada amb cost 15.
Solució trobada amb cost 15.
Solució trobada amb cost 15.
Solució trobada amb cost 15.
Solució trobada amb cost 15.
Solució trobada amb cost 15.
Solució trobada amb cost 15.
Solució trobada amb cost 15.
Solució trobada amb cost 15.
Solució trobada amb cost 15.
Solució trobada amb cost 15.
Solució trobada amb cost 15.
Solució trobada amb cost 15.
Solució trobada amb cost 15.
Solució trobada amb cost 15.
Solució trobada amb cost 15.
Solució trobada amb cost 15.
Solució trobada amb cost 15.
Solució trobada amb cost 15.
Solució trobada amb cost 15.
Solució trobada amb cost 15.
Solució trobada amb cost 15.
Solució trobada amb cost 15.
Solució trobada amb cost 15.
Solució trobada amb cost 15.
Solució trobada amb cost 15.
Solució trobada amb cost 15.
Solució trobada amb cost 15.
Solució trobada amb cost 15.
Solució trobada amb cost 15.
Solució trobada amb cost 15.
Solució trobada amb cost 15.
Solució trobada amb cost 15.
Solució trobada amb cost 15.
Solució trobada amb cost 15.
Solució trobada amb cost 15.
Solució trobada amb cost 15.
Solució trobada amb cost 15.
Solució trobada amb cost 15.
Solució trobada amb cost 15.
Solució trobada amb cost 15.
Solució trobada amb cost 15.
Solució trobada amb cost 15.
Solució trobada amb cost 15.
Solució trobada amb cost 15.
Solució trobada amb cost 15.
Solució trobada amb cost 15.
Solució trobada amb cost 15.
Solució trobada amb cost 15.
Solució trobada amb cost 15.
Solució trobada amb cost 15.
Solució trobada amb cost 15.
Solució trobada amb cost 15.
Solució trobada amb cost 15.
Solució trobada amb cost 15.
Solució trobada amb cost 15.
Solució trobada amb cost 15.
Solució trobada amb cost 15.
Solució trobada amb cost 15.
Solució trobada amb cost 15.
Solució trobada amb cost 15.
Solució trobada amb cost 15.
Solució trobada amb cost 15.
Solució trobada amb cost 15.
Solució trobada amb cost 15.
Solució trobada amb cost 15.
Solució trobada amb cost 15.
Solució trobada amb cost 15.
Solució trobada amb cost 15.
Solució trobada amb cost 15.
Solució trobada amb cost 15.
Solució trobada amb cost 15.
Solució trobada amb cost 15.
Solució trobada amb cost 15.
Solució trobada amb cost 15.
Solució trobada amb cost 15.
Solució trobada amb cost 15.
Solució trobada amb cost 15.
Solució trobada amb cost 15.
Solució trobada amb cost 15.
Solució trobada amb cost 15.
Solució trobada amb cost 15.
Solució trobada amb cost 15.
Solució trobada amb cost 15.
Solució trobada amb cost 15.
Solució trobada amb cost 15.
Solució trobada amb cost 15.
Solució trobada amb cost 15.
Solució trobada amb cost 15.
Solució trobada amb cost 15.
Solució trobada amb cost 15.
Solució trobada amb cost 15.
Solució trobada amb cost 15.
Solució trobada amb cost 15.
Solució trobada amb cost 15.
Solució trobada amb cost 15.
Solució trobada amb cost 15.
Solució trobada amb cost 15.
Solució trobada amb cost 15.
Solució trobada amb cost 15.
Solució trobada amb cost 15.
Solució trobada amb cost 15.
Solució trobada amb cost 15.
Solució trobada amb cost 15.
Solució trobada amb cost 15.
Solució trobada amb cost 15.
Solució trobada amb cost 15.
Solució trobada amb cost 15.
Solució trobada amb cost 15.
Solució trobada amb cost 15.
Solució trobada amb cost 15.
Solució trobada amb cost 15.
Solució trobada amb cost 15.
Solució trobada amb cost 15.
Solució trobada amb cost 15.
Solució trobada amb cost 15.
Solució trobada amb cost 15.
Solució trobada amb cost 15.
Solució trobada amb cost 15.
Solució trobada amb cost 15.
Solució trobada amb cost 15.
Solució trobada amb cost 15.
Solució trobada amb cost 15.
Solució trobada amb cost 15.
Solució trobada amb cost 15.
Solució trobada amb cost 15.
Solució trobada amb cost 15.
Solució trobada amb cost 15.
Solució trobada amb cost 15.
Solució trobada amb cost 15.
Solució trobada amb cost 15.
Solució trobada amb cost 15.
Solució trobada amb cost 15.
Solució trobada amb cost 15.
Solució trobada amb cost 15.
Solució trobada amb cost 15.
Solució trobada amb cost 15.
Solució trobada amb cost 15.
Solució trobada amb cost 15.
Solució trobada amb cost 15.
Solució trobada amb cost 15.
Solució trobada amb cost 15.
Solució trobada amb cost 15.
Solució trobada amb cost 15.
Solució trobada amb cost 15.
Solució trobada amb cost 15.
Solució trobada amb cost 15.
Solució trobada amb cost 15.
Solució trobada amb cost 15.
Solució trobada amb cost 15.
Solució trobada amb cost 15.
Solució trobada amb cost 15.
Solució trobada amb cost 15.
Solució trobada amb cost 15.
Solució trobada amb cost 15.
Solució trobada amb cost 15.
Solució trobada amb cost 15.
Solució trobada amb cost 15.
Solució trobada amb cost 15.
Solució trobada amb cost 15.
Solució trobada amb cost 15.
Solució trobada amb cost 15.
Solució trobada amb cost 15.
Solució trobada amb cost 15.
Solució trobada amb cost 15.
Solució trobada amb cost 15.
Solució trobada amb cost 15.
Solució trobada amb cost 15.
Solució trobada amb cost 15.
Solució trobada amb cost 15.
Solució trobada amb cost 15.
Solució trobada amb cost 15.
Solució trobada amb cost 15.
Solució trobada amb cost 15.
Solució trobada amb cost 15.
Solució trobada amb cost 15.
Solució trobada amb cost 15.
Solució trobada amb cost 15.
Solució trobada amb cost 15.
Solució trobada amb cost 15.
Solució trobada amb cost 15.
Solució trobada amb cost 15.
Solució trobada amb cost 15.
Solució trobada amb cost 15.
Solució trobada amb cost 15.
Solució trobada amb cost 15.
Solució trobada amb cost 15.
Solució trobada amb cost 15.
Solució trobada amb cost 15.
Solució trobada amb cost 15.
Solució trobada amb cost 15.
Solució trobada amb cost 15.
Solució trobada amb cost 15.
Solució trobada amb cost 15.
Solució trobada amb cost 15.
Solució trobada amb cost 15.
Solució trobada amb cost 15.
Solució trobada amb cost 15.
Solució trobada amb cost 15.
Solució trobada amb cost 15.
Solució trobada amb cost 15.
Solució trobada amb cost 15.
Solució trobada amb cost 15.
Solució trobada amb cost 15.
Solució trobada amb cost 15.
Solució trobada amb cost 15.
Solució trobada amb cost 15.
Solució trobada amb cost 15.
Solució trobada amb cost 15.
Solució trobada amb cost 15.
Solució trobada amb cost 15.
Solució trobada amb cost 15.
Solució trobada amb cost 15.
Solució trobada amb cost 15.
Solució trobada amb cost 15.
Solució trobada amb cost 15.
Solució trobada amb cost 15.
Solució trobada amb cost 15.
Solució trobada amb cost 15.
Solució trobada amb cost 15.
Solució trobada amb cost 15.
Solució trobada amb cost 15.
Solució trobada amb cost 15.
Solució trobada amb cost 15.
Solució trobada amb cost 15.
Solució trobada amb cost 15.
Solució trobada amb cost 15.
Solució trobada amb cost 15.
Solució trobada amb cost 15.
Solució trobada amb cost 15.
Solució trobada amb cost 15.
Solució trobada amb cost 15.
Solució trobada amb cost 15.
Solució trobada amb cost 15.
Solució trobada amb cost 15.
Solució trobada amb cost 15.
Solució trobada amb cost 15.
Solució trobada amb cost 15.
Solució trobada amb cost 15.
Solució trobada amb cost 15.
Solució trobada amb cost 15.
Solució trobada amb cost 15.
Solució trobada amb cost 15.
Solució trobada amb cost 15.
Solució trobada amb cost 15.
Solució trobada amb cost 15.
Solució trobada amb cost 15.
Solució trobada amb cost 15.
Solució trobada amb cost 15.
Solució trobada amb cost 15.
Solució trobada amb cost 15.
Solució trobada amb cost 15.
Solució trobada amb cost 15.
Solució trobada amb cost 15.
Solució trobada amb cost 15.
Solució trobada amb cost 15.
Solució trobada amb cost 15.
Solució trobada amb cost 15.
Solució trobada amb cost 15.
Solució trobada amb cost 15.
Solució trobada amb cost 15.
Solució trobada amb cost 15.
Solució trobada amb cost 15.
Solució trobada amb cost 15.
Solució trobada amb cost 15.
Solució trobada amb cost 15.
Solució trobada amb cost 15.
Solució trobada amb cost 15.
Solució trobada amb cost 15.
Solució trobada amb cost 15.
Solució trobada amb cost 15.
Solució trobada amb cost 15.
Solució trobada amb cost 15.
Solució trobada amb cost 15.
Solució trobada amb cost 15.
Solució trobada amb cost 15.
Solució trobada amb cost 15.
Solució trobada amb cost 15.
Solució trobada amb cost 15.
Solució trobada amb cost 15.
Solució trobada amb cost 15.
Solució trobada amb cost 15.
Solució trobada amb cost 15.
Solució trobada amb cost 15.
Solució trobada amb cost 15.
Solució trobada amb cost 15.
Solució trobada amb cost 15.
Solució trobada amb cost 15.
Solució trobada amb cost 15.
Solució trobada amb cost 15.
Solució trobada amb cost 15.
Solució trobada amb cost 15.
Solució trobada amb cost 15.
Solució trobada amb cost 15.
Solució trobada amb cost 15.
Solució trobada amb cost 15.
Solució trobada amb cost 15.
Solució trobada amb cost 15.
Solució trobada amb cost 15.
Solució trobada amb cost 15.
Solució trobada amb cost 15.
Solució trobada amb cost 15.
Solució trobada amb cost 15.
Solució trobada amb cost 15.
Solució trobada amb cost 15.
Solució trobada amb cost 15.
Solució trobada amb cost 15.
Solució trobada amb cost 15.
Solució trobada amb cost 15.
Solució trobada amb cost 15.
Solució trobada amb cost 15.
Solució trobada amb cost 15.
Solució trobada amb cost 15.
Solució trobada amb cost 15.
Solució trobada amb cost 15.
Solució trobada amb cost 15.
Solució trobada amb cost 15.
Solució trobada amb cost 15.
Solució trobada amb cost 15.
Solució trobada amb cost 15.
Solució trobada amb cost 15.
Solució trobada amb cost 15.
Solució trobada amb cost 15.
Solució trobada amb cost 15.
Solució trobada amb cost 15.
Solució trobada amb cost 15.
Solució trobada amb cost 15.
Solució trobada amb cost 15.
Solució trobada amb cost 15.
Solució trobada amb cost 15.
Solució trobada amb cost 15.
Solució trobada amb cost 15.
Solució trobada amb cost 15.
Solució trobada amb cost 15.
Solució trobada amb cost 15.
Solució trobada amb cost 15.
Solució trobada amb cost 15.
Solució trobada amb cost 15.
Solució trobada amb cost 15.
Solució trobada amb cost 15.
Solució trobada amb cost 15.
Solució trobada amb cost 15.
Solució trobada amb cost 15.
Solució trobada amb cost 15.
Solució trobada amb cost 15.
Solució trobada amb cost 15.
Solució trobada amb cost 15.
Solució trobada amb cost 15.
Solució trobada amb cost 15.
Solució trobada amb cost 15.
Solució trobada amb cost 15.
Solució trobada amb cost 15.
Solució trobada amb cost 15.
Solució trobada amb cost 15.
Solució trobada amb cost 15.
Solució trobada amb cost 15.
Solució trobada amb cost 15.
Solució trobada amb cost 15.
Solució trobada amb cost 15.
Solució trobada amb cost 15.
Solució trobada amb cost 15.
Solució trobada amb cost 15.
Solució trobada amb cost 15.
Solució trobada amb cost 15.
Solució trobada amb cost 15.
Solució trobada amb cost 15.
Solució trobada amb cost 15.
Solució trobada amb cost 15.
Solució trobada amb cost 15.
Solució trobada amb cost 15.
Solució trobada amb cost 15.
Solució trobada amb cost 15.
Solució trobada amb cost 15.
Solució trobada amb cost 15.
Solució trobada amb cost 15.
Solució trobada amb cost 15.
Solució trobada amb cost 15.
Solució trobada amb cost 15.
Solució trobada amb cost 15.
Solució trobada amb cost 15.
Solució trobada amb cost 15.
Solució trobada amb cost 15.
Solució trobada amb cost 15.
Solució trobada amb cost 15.
Solució trobada amb cost 15.
Solució trobada amb cost 15.
Solució trobada amb cost 15.
Solució trobada amb cost 15.
Solució trobada amb cost 15.
Solució trobada amb cost 15.
Solució trobada amb cost 15.
Solució trobada amb cost 15.
Solució trobada amb cost 15.
Solució trobada amb cost 15.
Solució trobada amb cost 15.
Solució trobada amb cost 15.
Solució trobada amb cost 15.
Solució trobada amb cost 15.
Solució trobada amb cost 15.
Solució trobada amb cost 15.
Solució trobada amb cost 15.
Solució trobada amb cost 15.
Solució trobada amb cost 15.
Solució trobada amb cost 15.
Solució trobada amb cost 15.
Solució trobada amb cost 15.
Solució trobada amb cost 15.
Solució trobada amb cost 15.
Solució trobada amb cost 15.
Solució trobada amb cost 15.
:: Millor graella grabada a 'graella-telefons-2022-07-11.html'
:: Millor graella grabada a 'graella-telefons-2022-07-11.yaml'
